42.0 APEX_CODE,FINEST;APEX_PROFILING,INFO;CALLOUT,INFO;DB,INFO;SYSTEM,DEBUG;VALIDATION,INFO;VISUALFORCE,INFO;WAVE,INFO;WORKFLOW,INFO
11:14:36.0 (74072)|USER_INFO|[EXTERNAL]|005f4000001foBK|projectonboardingccl@altimetrik.com|Hora de Argentina|GMT-03:00
11:14:36.0 (117712)|EXECUTION_STARTED
11:14:36.0 (122736)|CODE_UNIT_STARTED|[EXTERNAL]|Aura
11:14:36.0 (937972)|HEAP_ALLOCATE|[72]|Bytes:3
11:14:36.0 (985437)|HEAP_ALLOCATE|[77]|Bytes:152
11:14:36.0 (1003159)|HEAP_ALLOCATE|[342]|Bytes:408
11:14:36.0 (1016852)|HEAP_ALLOCATE|[355]|Bytes:408
11:14:36.0 (1027901)|HEAP_ALLOCATE|[467]|Bytes:48
11:14:36.0 (1053557)|HEAP_ALLOCATE|[139]|Bytes:6
11:14:36.0 (1072468)|HEAP_ALLOCATE|[EXTERNAL]|Bytes:18
11:14:36.0 (1081089)|HEAP_ALLOCATE|[EXTERNAL]|Bytes:18
11:14:36.0 (2216211)|CODE_UNIT_STARTED|[EXTERNAL]|01pf400000BcAK5|ProjectController.getSteps
11:14:36.0 (2315901)|HEAP_ALLOCATE|[EXTERNAL]|Bytes:12
11:14:36.0 (2329676)|METHOD_ENTRY|[1]|01pf400000BcAK5|ProjectController.ProjectController()
11:14:36.0 (2337327)|STATEMENT_EXECUTE|[1]
11:14:36.0 (2342786)|STATEMENT_EXECUTE|[1]
11:14:36.0 (2376849)|HEAP_ALLOCATE|[50]|Bytes:5
11:14:36.0 (2404344)|HEAP_ALLOCATE|[56]|Bytes:5
11:14:36.0 (2413026)|HEAP_ALLOCATE|[64]|Bytes:7
11:14:36.0 (2437847)|SYSTEM_MODE_ENTER|false
11:14:36.0 (2452255)|HEAP_ALLOCATE|[EXTERNAL]|Bytes:5
11:14:36.0 (2460952)|SYSTEM_MODE_EXIT|false
11:14:36.0 (2469970)|METHOD_EXIT|[1]|ProjectController
11:14:36.0 (2475912)|HEAP_ALLOCATE|[EXTERNAL]|Bytes:18
11:14:36.0 (2485897)|SYSTEM_MODE_ENTER|false
11:14:36.0 (2493634)|VARIABLE_SCOPE_BEGIN|[20]|recordId|String|false|false
11:14:36.0 (2520730)|VARIABLE_ASSIGNMENT|[20]|recordId|"a01f400000DKjhHAAT"
11:14:36.0 (2537745)|HEAP_ALLOCATE|[21]|Bytes:5
11:14:36.0 (2542632)|STATEMENT_EXECUTE|[20]
11:14:36.0 (2544520)|STATEMENT_EXECUTE|[21]
11:14:36.0 (2547438)|HEAP_ALLOCATE|[21]|Bytes:106
11:14:36.0 (2564921)|HEAP_ALLOCATE|[21]|Bytes:4
11:14:36.0 (2577895)|HEAP_ALLOCATE|[21]|Bytes:7
11:14:36.0 (3211042)|SOQL_EXECUTE_BEGIN|[21]|Aggregations:0|SELECT Id, Name, Description__c, Expected_result__c FROM Testcase_Step__c WHERE Test_Case__r.Id = :tmpVar1
11:14:36.0 (6474896)|SOQL_EXECUTE_END|[21]|Rows:8
11:14:36.0 (6506423)|HEAP_ALLOCATE|[21]|Bytes:36
11:14:36.0 (6545203)|HEAP_ALLOCATE|[21]|Bytes:1051
11:14:36.0 (6672490)|HEAP_ALLOCATE|[21]|Bytes:36
11:14:36.0 (6695787)|SYSTEM_MODE_EXIT|false
11:14:36.6 (6739567)|CUMULATIVE_LIMIT_USAGE
11:14:36.6 (6739567)|LIMIT_USAGE_FOR_NS|(default)|
  Number of SOQL queries: 1 out of 100
  Number of query rows: 8 out of 50000
  Number of SOSL queries: 0 out of 20
  Number of DML statements: 0 out of 150
  Number of DML rows: 0 out of 10000
  Maximum CPU time: 0 out of 10000
  Maximum heap size: 0 out of 6000000
  Number of callouts: 0 out of 100
  Number of Email Invocations: 0 out of 10
  Number of future calls: 0 out of 50
  Number of queueable jobs added to the queue: 0 out of 50
  Number of Mobile Apex push calls: 0 out of 10

11:14:36.6 (6739567)|CUMULATIVE_LIMIT_USAGE_END

11:14:36.0 (6787629)|CODE_UNIT_FINISHED|ProjectController.getSteps
11:14:36.0 (6961305)|CODE_UNIT_FINISHED|Aura
11:14:36.0 (8401750)|EXECUTION_FINISHED
