42.0 APEX_CODE,FINEST;APEX_PROFILING,INFO;CALLOUT,INFO;DB,INFO;SYSTEM,DEBUG;VALIDATION,INFO;VISUALFORCE,INFO;WAVE,INFO;WORKFLOW,INFO
11:54:23.0 (83634)|USER_INFO|[EXTERNAL]|005f4000001foBK|projectonboardingccl@altimetrik.com|Hora de Argentina|GMT-03:00
11:54:23.0 (128428)|EXECUTION_STARTED
11:54:23.0 (134362)|CODE_UNIT_STARTED|[EXTERNAL]|Aura
11:54:23.0 (1121861)|HEAP_ALLOCATE|[72]|Bytes:3
11:54:23.0 (1195438)|HEAP_ALLOCATE|[77]|Bytes:152
11:54:23.0 (1217698)|HEAP_ALLOCATE|[342]|Bytes:408
11:54:23.0 (1239298)|HEAP_ALLOCATE|[355]|Bytes:408
11:54:23.0 (1269613)|HEAP_ALLOCATE|[467]|Bytes:48
11:54:23.0 (1304758)|HEAP_ALLOCATE|[139]|Bytes:6
11:54:23.0 (1334408)|HEAP_ALLOCATE|[EXTERNAL]|Bytes:18
11:54:23.0 (1362188)|HEAP_ALLOCATE|[EXTERNAL]|Bytes:18
11:54:23.0 (2394918)|CODE_UNIT_STARTED|[EXTERNAL]|01pf400000BcAK5|ProjectController.getSteps
11:54:23.0 (2688079)|HEAP_ALLOCATE|[EXTERNAL]|Bytes:15
11:54:23.0 (2700209)|HEAP_ALLOCATE|[EXTERNAL]|Bytes:2
11:54:23.0 (2715127)|METHOD_ENTRY|[1]|01pf400000BcAK5|ProjectController.ProjectController()
11:54:23.0 (2725772)|STATEMENT_EXECUTE|[1]
11:54:23.0 (2733082)|STATEMENT_EXECUTE|[1]
11:54:23.0 (2775160)|HEAP_ALLOCATE|[50]|Bytes:5
11:54:23.0 (2822390)|HEAP_ALLOCATE|[56]|Bytes:5
11:54:23.0 (2834696)|HEAP_ALLOCATE|[64]|Bytes:7
11:54:23.0 (2865349)|SYSTEM_MODE_ENTER|false
11:54:23.0 (3025644)|HEAP_ALLOCATE|[EXTERNAL]|Bytes:5
11:54:23.0 (3038906)|SYSTEM_MODE_EXIT|false
11:54:23.0 (3052032)|METHOD_EXIT|[1]|ProjectController
11:54:23.0 (3059461)|HEAP_ALLOCATE|[EXTERNAL]|Bytes:18
11:54:23.0 (3075800)|SYSTEM_MODE_ENTER|false
11:54:23.0 (3089900)|VARIABLE_SCOPE_BEGIN|[20]|recordId|String|false|false
11:54:23.0 (3121117)|VARIABLE_ASSIGNMENT|[20]|recordId|"a01f400000DKjhHAAT"
11:54:23.0 (3142484)|HEAP_ALLOCATE|[21]|Bytes:5
11:54:23.0 (3149725)|STATEMENT_EXECUTE|[20]
11:54:23.0 (3152300)|STATEMENT_EXECUTE|[21]
11:54:23.0 (3156062)|HEAP_ALLOCATE|[21]|Bytes:106
11:54:23.0 (3177635)|HEAP_ALLOCATE|[21]|Bytes:4
11:54:23.0 (3192992)|HEAP_ALLOCATE|[21]|Bytes:7
11:54:23.0 (3983869)|SOQL_EXECUTE_BEGIN|[21]|Aggregations:0|SELECT Id, Name, Description__c, Expected_result__c FROM Testcase_Step__c WHERE Test_Case__r.Id = :tmpVar1
11:54:23.0 (7977532)|SOQL_EXECUTE_END|[21]|Rows:8
11:54:23.0 (8004353)|HEAP_ALLOCATE|[21]|Bytes:36
11:54:23.0 (8038039)|HEAP_ALLOCATE|[21]|Bytes:1051
11:54:23.0 (8091280)|HEAP_ALLOCATE|[21]|Bytes:36
11:54:23.0 (8120745)|METHOD_ENTRY|[21]|01pf400000BcAK5|ProjectController.Reorder(List<Testcase_Step__c>, String)
11:54:23.0 (8132625)|VARIABLE_SCOPE_BEGIN|[27]|listitem|List<Testcase_Step__c>|true|false
11:54:23.0 (8157351)|VARIABLE_ASSIGNMENT|[27]|listitem|"List of size 8 too large to display"|0x6c575622
11:54:23.0 (8164548)|VARIABLE_SCOPE_BEGIN|[27]|recordId|String|false|false
11:54:23.0 (8175133)|VARIABLE_ASSIGNMENT|[27]|recordId|"a01f400000DKjhHAAT"
11:54:23.0 (8194543)|HEAP_ALLOCATE|[28]|Bytes:5
11:54:23.0 (8200481)|STATEMENT_EXECUTE|[27]
11:54:23.0 (8202413)|STATEMENT_EXECUTE|[28]
11:54:23.0 (8218703)|HEAP_ALLOCATE|[28]|Bytes:4
11:54:23.0 (8282761)|VARIABLE_SCOPE_BEGIN|[28]|nueva|List<Testcase_Step__c>|true|false
11:54:23.0 (8295351)|HEAP_ALLOCATE|[EXTERNAL]|Bytes:4
11:54:23.0 (8304248)|VARIABLE_ASSIGNMENT|[28]|nueva|[]|0x524151cf
11:54:23.0 (8310596)|STATEMENT_EXECUTE|[29]
11:54:23.0 (8335815)|VARIABLE_SCOPE_BEGIN|[29]|i|Integer|false|false
11:54:23.0 (8344066)|HEAP_ALLOCATE|[29]|Bytes:4
11:54:23.0 (8352936)|VARIABLE_ASSIGNMENT|[29]|i|8
11:54:23.0 (8360686)|STATEMENT_EXECUTE|[29]
11:54:23.0 (8362238)|STATEMENT_EXECUTE|[30]
11:54:23.0 (8413461)|HEAP_ALLOCATE|[30]|Bytes:31
11:54:23.0 (8431107)|METHOD_EXIT|[21]|01pf400000BcAK5|ProjectController.Reorder(List<Testcase_Step__c>, String)
11:54:23.0 (8518596)|FATAL_ERROR|System.ListException: List index out of bounds: 8

Class.ProjectController.Reorder: line 30, column 1
Class.ProjectController.getSteps: line 21, column 1
11:54:23.0 (8529923)|FATAL_ERROR|System.ListException: List index out of bounds: 8

Class.ProjectController.Reorder: line 30, column 1
Class.ProjectController.getSteps: line 21, column 1
11:54:23.8 (8537206)|CUMULATIVE_LIMIT_USAGE
11:54:23.8 (8537206)|LIMIT_USAGE_FOR_NS|(default)|
  Number of SOQL queries: 1 out of 100
  Number of query rows: 8 out of 50000
  Number of SOSL queries: 0 out of 20
  Number of DML statements: 0 out of 150
  Number of DML rows: 0 out of 10000
  Maximum CPU time: 0 out of 10000
  Maximum heap size: 0 out of 6000000
  Number of callouts: 0 out of 100
  Number of Email Invocations: 0 out of 10
  Number of future calls: 0 out of 50
  Number of queueable jobs added to the queue: 0 out of 50
  Number of Mobile Apex push calls: 0 out of 10

11:54:23.8 (8537206)|CUMULATIVE_LIMIT_USAGE_END

11:54:23.0 (8570646)|CODE_UNIT_FINISHED|ProjectController.getSteps
11:54:23.0 (12114122)|CODE_UNIT_FINISHED|Aura
11:54:23.0 (13001095)|EXECUTION_FINISHED
