42.0 APEX_CODE,FINEST;APEX_PROFILING,INFO;CALLOUT,INFO;DB,INFO;SYSTEM,DEBUG;VALIDATION,INFO;VISUALFORCE,INFO;WAVE,INFO;WORKFLOW,INFO
11:54:41.0 (78227)|USER_INFO|[EXTERNAL]|005f4000001foBK|projectonboardingccl@altimetrik.com|Hora de Argentina|GMT-03:00
11:54:41.0 (129469)|EXECUTION_STARTED
11:54:41.0 (135457)|CODE_UNIT_STARTED|[EXTERNAL]|Aura
11:54:41.0 (972688)|HEAP_ALLOCATE|[72]|Bytes:3
11:54:41.0 (1006666)|HEAP_ALLOCATE|[77]|Bytes:152
11:54:41.0 (1022117)|HEAP_ALLOCATE|[342]|Bytes:408
11:54:41.0 (1034451)|HEAP_ALLOCATE|[355]|Bytes:408
11:54:41.0 (1045774)|HEAP_ALLOCATE|[467]|Bytes:48
11:54:41.0 (1069614)|HEAP_ALLOCATE|[139]|Bytes:6
11:54:41.0 (1088015)|HEAP_ALLOCATE|[EXTERNAL]|Bytes:18
11:54:41.0 (1104419)|HEAP_ALLOCATE|[EXTERNAL]|Bytes:18
11:54:41.0 (2148286)|CODE_UNIT_STARTED|[EXTERNAL]|01pf400000BcAK5|ProjectController.getSteps
11:54:41.0 (2252600)|HEAP_ALLOCATE|[EXTERNAL]|Bytes:15
11:54:41.0 (2259550)|HEAP_ALLOCATE|[EXTERNAL]|Bytes:2
11:54:41.0 (2273269)|METHOD_ENTRY|[1]|01pf400000BcAK5|ProjectController.ProjectController()
11:54:41.0 (2284553)|STATEMENT_EXECUTE|[1]
11:54:41.0 (2291600)|STATEMENT_EXECUTE|[1]
11:54:41.0 (2332841)|HEAP_ALLOCATE|[50]|Bytes:5
11:54:41.0 (2356075)|HEAP_ALLOCATE|[56]|Bytes:5
11:54:41.0 (2372359)|HEAP_ALLOCATE|[64]|Bytes:7
11:54:41.0 (2408402)|SYSTEM_MODE_ENTER|false
11:54:41.0 (2424845)|HEAP_ALLOCATE|[EXTERNAL]|Bytes:5
11:54:41.0 (2437001)|SYSTEM_MODE_EXIT|false
11:54:41.0 (2452654)|METHOD_EXIT|[1]|ProjectController
11:54:41.0 (2460863)|HEAP_ALLOCATE|[EXTERNAL]|Bytes:18
11:54:41.0 (2475826)|SYSTEM_MODE_ENTER|false
11:54:41.0 (2485551)|VARIABLE_SCOPE_BEGIN|[20]|recordId|String|false|false
11:54:41.0 (2514386)|VARIABLE_ASSIGNMENT|[20]|recordId|"a01f400000DKjhHAAT"
11:54:41.0 (2536731)|HEAP_ALLOCATE|[21]|Bytes:5
11:54:41.0 (2544223)|STATEMENT_EXECUTE|[20]
11:54:41.0 (2546947)|STATEMENT_EXECUTE|[21]
11:54:41.0 (2551213)|HEAP_ALLOCATE|[21]|Bytes:106
11:54:41.0 (2573513)|HEAP_ALLOCATE|[21]|Bytes:4
11:54:41.0 (2590490)|HEAP_ALLOCATE|[21]|Bytes:7
11:54:41.0 (3270308)|SOQL_EXECUTE_BEGIN|[21]|Aggregations:0|SELECT Id, Name, Description__c, Expected_result__c FROM Testcase_Step__c WHERE Test_Case__r.Id = :tmpVar1
11:54:41.0 (6437202)|SOQL_EXECUTE_END|[21]|Rows:8
11:54:41.0 (6472822)|HEAP_ALLOCATE|[21]|Bytes:36
11:54:41.0 (6513078)|HEAP_ALLOCATE|[21]|Bytes:1051
11:54:41.0 (6623952)|HEAP_ALLOCATE|[21]|Bytes:36
11:54:41.0 (6647376)|METHOD_ENTRY|[21]|01pf400000BcAK5|ProjectController.Reorder(List<Testcase_Step__c>, String)
11:54:41.0 (6659501)|VARIABLE_SCOPE_BEGIN|[27]|listitem|List<Testcase_Step__c>|true|false
11:54:41.0 (6682800)|VARIABLE_ASSIGNMENT|[27]|listitem|"List of size 8 too large to display"|0x2d40e1b2
11:54:41.0 (6689921)|VARIABLE_SCOPE_BEGIN|[27]|recordId|String|false|false
11:54:41.0 (6698660)|VARIABLE_ASSIGNMENT|[27]|recordId|"a01f400000DKjhHAAT"
11:54:41.0 (6716866)|HEAP_ALLOCATE|[28]|Bytes:5
11:54:41.0 (6722927)|STATEMENT_EXECUTE|[27]
11:54:41.0 (6725014)|STATEMENT_EXECUTE|[28]
11:54:41.0 (6739995)|HEAP_ALLOCATE|[28]|Bytes:4
11:54:41.0 (6804931)|VARIABLE_SCOPE_BEGIN|[28]|nueva|List<Testcase_Step__c>|true|false
11:54:41.0 (6816264)|HEAP_ALLOCATE|[EXTERNAL]|Bytes:4
11:54:41.0 (6824738)|VARIABLE_ASSIGNMENT|[28]|nueva|[]|0x25d64d
11:54:41.0 (6831154)|STATEMENT_EXECUTE|[29]
11:54:41.0 (6857234)|VARIABLE_SCOPE_BEGIN|[29]|i|Integer|false|false
11:54:41.0 (6865389)|HEAP_ALLOCATE|[29]|Bytes:4
11:54:41.0 (6874301)|VARIABLE_ASSIGNMENT|[29]|i|8
11:54:41.0 (6882286)|STATEMENT_EXECUTE|[29]
11:54:41.0 (6883841)|STATEMENT_EXECUTE|[30]
11:54:41.0 (6930945)|HEAP_ALLOCATE|[30]|Bytes:31
11:54:41.0 (6946978)|METHOD_EXIT|[21]|01pf400000BcAK5|ProjectController.Reorder(List<Testcase_Step__c>, String)
11:54:41.0 (7087724)|FATAL_ERROR|System.ListException: List index out of bounds: 8

Class.ProjectController.Reorder: line 30, column 1
Class.ProjectController.getSteps: line 21, column 1
11:54:41.0 (7105692)|FATAL_ERROR|System.ListException: List index out of bounds: 8

Class.ProjectController.Reorder: line 30, column 1
Class.ProjectController.getSteps: line 21, column 1
11:54:41.7 (7114833)|CUMULATIVE_LIMIT_USAGE
11:54:41.7 (7114833)|LIMIT_USAGE_FOR_NS|(default)|
  Number of SOQL queries: 1 out of 100
  Number of query rows: 8 out of 50000
  Number of SOSL queries: 0 out of 20
  Number of DML statements: 0 out of 150
  Number of DML rows: 0 out of 10000
  Maximum CPU time: 0 out of 10000
  Maximum heap size: 0 out of 6000000
  Number of callouts: 0 out of 100
  Number of Email Invocations: 0 out of 10
  Number of future calls: 0 out of 50
  Number of queueable jobs added to the queue: 0 out of 50
  Number of Mobile Apex push calls: 0 out of 10

11:54:41.7 (7114833)|CUMULATIVE_LIMIT_USAGE_END

11:54:41.0 (7162469)|CODE_UNIT_FINISHED|ProjectController.getSteps
11:54:41.0 (10945318)|CODE_UNIT_FINISHED|Aura
11:54:41.0 (11850516)|EXECUTION_FINISHED
