42.0 APEX_CODE,FINEST;APEX_PROFILING,INFO;CALLOUT,INFO;DB,INFO;SYSTEM,DEBUG;VALIDATION,INFO;VISUALFORCE,INFO;WAVE,INFO;WORKFLOW,INFO
11:13:37.0 (338079)|USER_INFO|[EXTERNAL]|005f4000001foBK|projectonboardingccl@altimetrik.com|Hora de Argentina|GMT-03:00
11:13:37.0 (372890)|EXECUTION_STARTED
11:13:37.0 (377831)|CODE_UNIT_STARTED|[EXTERNAL]|Aura
11:13:37.0 (1438876)|HEAP_ALLOCATE|[72]|Bytes:3
11:13:37.0 (1501322)|HEAP_ALLOCATE|[77]|Bytes:152
11:13:37.0 (1528930)|HEAP_ALLOCATE|[342]|Bytes:408
11:13:37.0 (1551008)|HEAP_ALLOCATE|[355]|Bytes:408
11:13:37.0 (1571083)|HEAP_ALLOCATE|[467]|Bytes:48
11:13:37.0 (1606187)|HEAP_ALLOCATE|[139]|Bytes:6
11:13:37.0 (1634346)|HEAP_ALLOCATE|[EXTERNAL]|Bytes:18
11:13:37.0 (1646785)|HEAP_ALLOCATE|[EXTERNAL]|Bytes:18
11:13:37.0 (2532290)|CODE_UNIT_STARTED|[EXTERNAL]|01pf400000BcAK5|ProjectController.getSteps
11:13:37.0 (2816586)|HEAP_ALLOCATE|[EXTERNAL]|Bytes:12
11:13:37.0 (2832464)|METHOD_ENTRY|[1]|01pf400000BcAK5|ProjectController.ProjectController()
11:13:37.0 (2840615)|STATEMENT_EXECUTE|[1]
11:13:37.0 (2845408)|STATEMENT_EXECUTE|[1]
11:13:37.0 (2880656)|HEAP_ALLOCATE|[50]|Bytes:5
11:13:37.0 (2915997)|HEAP_ALLOCATE|[56]|Bytes:5
11:13:37.0 (2928255)|HEAP_ALLOCATE|[64]|Bytes:7
11:13:37.0 (2959653)|SYSTEM_MODE_ENTER|false
11:13:37.0 (2979589)|HEAP_ALLOCATE|[EXTERNAL]|Bytes:5
11:13:37.0 (2991026)|SYSTEM_MODE_EXIT|false
11:13:37.0 (3002931)|METHOD_EXIT|[1]|ProjectController
11:13:37.0 (3016152)|HEAP_ALLOCATE|[EXTERNAL]|Bytes:18
11:13:37.0 (3031160)|SYSTEM_MODE_ENTER|false
11:13:37.0 (3042999)|VARIABLE_SCOPE_BEGIN|[20]|recordId|String|false|false
11:13:37.0 (3076061)|VARIABLE_ASSIGNMENT|[20]|recordId|"a01f400000DKjhHAAT"
11:13:37.0 (3097081)|HEAP_ALLOCATE|[21]|Bytes:5
11:13:37.0 (3103668)|STATEMENT_EXECUTE|[20]
11:13:37.0 (3106249)|STATEMENT_EXECUTE|[21]
11:13:37.0 (3110033)|HEAP_ALLOCATE|[21]|Bytes:106
11:13:37.0 (3135638)|HEAP_ALLOCATE|[21]|Bytes:4
11:13:37.0 (3157192)|HEAP_ALLOCATE|[21]|Bytes:7
11:13:37.0 (3814751)|SOQL_EXECUTE_BEGIN|[21]|Aggregations:0|SELECT Id, Name, Description__c, Expected_result__c FROM Testcase_Step__c WHERE Test_Case__r.Id = :tmpVar1
11:13:37.0 (7296319)|SOQL_EXECUTE_END|[21]|Rows:8
11:13:37.0 (7320483)|HEAP_ALLOCATE|[21]|Bytes:36
11:13:37.0 (7353964)|HEAP_ALLOCATE|[21]|Bytes:1051
11:13:37.0 (7401418)|HEAP_ALLOCATE|[21]|Bytes:36
11:13:37.0 (7418070)|SYSTEM_MODE_EXIT|false
11:13:37.7 (7441681)|CUMULATIVE_LIMIT_USAGE
11:13:37.7 (7441681)|LIMIT_USAGE_FOR_NS|(default)|
  Number of SOQL queries: 1 out of 100
  Number of query rows: 8 out of 50000
  Number of SOSL queries: 0 out of 20
  Number of DML statements: 0 out of 150
  Number of DML rows: 0 out of 10000
  Maximum CPU time: 0 out of 10000
  Maximum heap size: 0 out of 6000000
  Number of callouts: 0 out of 100
  Number of Email Invocations: 0 out of 10
  Number of future calls: 0 out of 50
  Number of queueable jobs added to the queue: 0 out of 50
  Number of Mobile Apex push calls: 0 out of 10

11:13:37.7 (7441681)|CUMULATIVE_LIMIT_USAGE_END

11:13:37.0 (7474092)|CODE_UNIT_FINISHED|ProjectController.getSteps
11:13:37.0 (7594652)|CODE_UNIT_FINISHED|Aura
11:13:37.0 (8797173)|EXECUTION_FINISHED
