42.0 APEX_CODE,FINEST;APEX_PROFILING,INFO;CALLOUT,INFO;DB,INFO;SYSTEM,DEBUG;VALIDATION,INFO;VISUALFORCE,INFO;WAVE,INFO;WORKFLOW,INFO
11:13:54.0 (68180)|USER_INFO|[EXTERNAL]|005f4000001foBK|projectonboardingccl@altimetrik.com|Hora de Argentina|GMT-03:00
11:13:54.0 (107377)|EXECUTION_STARTED
11:13:54.0 (111791)|CODE_UNIT_STARTED|[EXTERNAL]|Aura
11:13:54.0 (831648)|HEAP_ALLOCATE|[72]|Bytes:3
11:13:54.0 (863105)|HEAP_ALLOCATE|[77]|Bytes:152
11:13:54.0 (877209)|HEAP_ALLOCATE|[342]|Bytes:408
11:13:54.0 (889922)|HEAP_ALLOCATE|[355]|Bytes:408
11:13:54.0 (900729)|HEAP_ALLOCATE|[467]|Bytes:48
11:13:54.0 (922507)|HEAP_ALLOCATE|[139]|Bytes:6
11:13:54.0 (940258)|HEAP_ALLOCATE|[EXTERNAL]|Bytes:18
11:13:54.0 (948747)|HEAP_ALLOCATE|[EXTERNAL]|Bytes:18
11:13:54.0 (1799328)|CODE_UNIT_STARTED|[EXTERNAL]|01pf400000BcAK5|ProjectController.getSteps
11:13:54.0 (1878408)|HEAP_ALLOCATE|[EXTERNAL]|Bytes:12
11:13:54.0 (1891267)|METHOD_ENTRY|[1]|01pf400000BcAK5|ProjectController.ProjectController()
11:13:54.0 (1897953)|STATEMENT_EXECUTE|[1]
11:13:54.0 (1902480)|STATEMENT_EXECUTE|[1]
11:13:54.0 (1929604)|HEAP_ALLOCATE|[50]|Bytes:5
11:13:54.0 (1951291)|HEAP_ALLOCATE|[56]|Bytes:5
11:13:54.0 (1959308)|HEAP_ALLOCATE|[64]|Bytes:7
11:13:54.0 (1981795)|SYSTEM_MODE_ENTER|false
11:13:54.0 (1993475)|HEAP_ALLOCATE|[EXTERNAL]|Bytes:5
11:13:54.0 (2000752)|SYSTEM_MODE_EXIT|false
11:13:54.0 (2009828)|METHOD_EXIT|[1]|ProjectController
11:13:54.0 (2015044)|HEAP_ALLOCATE|[EXTERNAL]|Bytes:18
11:13:54.0 (2024621)|SYSTEM_MODE_ENTER|false
11:13:54.0 (2031516)|VARIABLE_SCOPE_BEGIN|[20]|recordId|String|false|false
11:13:54.0 (2055906)|VARIABLE_ASSIGNMENT|[20]|recordId|"a01f400000DKjhHAAT"
11:13:54.0 (2070277)|HEAP_ALLOCATE|[21]|Bytes:5
11:13:54.0 (2075336)|STATEMENT_EXECUTE|[20]
11:13:54.0 (2077194)|STATEMENT_EXECUTE|[21]
11:13:54.0 (2080086)|HEAP_ALLOCATE|[21]|Bytes:106
11:13:54.0 (2093858)|HEAP_ALLOCATE|[21]|Bytes:4
11:13:54.0 (2103992)|HEAP_ALLOCATE|[21]|Bytes:7
11:13:54.0 (2650792)|SOQL_EXECUTE_BEGIN|[21]|Aggregations:0|SELECT Id, Name, Description__c, Expected_result__c FROM Testcase_Step__c WHERE Test_Case__r.Id = :tmpVar1
11:13:54.0 (5507383)|SOQL_EXECUTE_END|[21]|Rows:8
11:13:54.0 (5528595)|HEAP_ALLOCATE|[21]|Bytes:36
11:13:54.0 (5562538)|HEAP_ALLOCATE|[21]|Bytes:1051
11:13:54.0 (5643296)|HEAP_ALLOCATE|[21]|Bytes:36
11:13:54.0 (5659393)|SYSTEM_MODE_EXIT|false
11:13:54.5 (5680932)|CUMULATIVE_LIMIT_USAGE
11:13:54.5 (5680932)|LIMIT_USAGE_FOR_NS|(default)|
  Number of SOQL queries: 1 out of 100
  Number of query rows: 8 out of 50000
  Number of SOSL queries: 0 out of 20
  Number of DML statements: 0 out of 150
  Number of DML rows: 0 out of 10000
  Maximum CPU time: 0 out of 10000
  Maximum heap size: 0 out of 6000000
  Number of callouts: 0 out of 100
  Number of Email Invocations: 0 out of 10
  Number of future calls: 0 out of 50
  Number of queueable jobs added to the queue: 0 out of 50
  Number of Mobile Apex push calls: 0 out of 10

11:13:54.5 (5680932)|CUMULATIVE_LIMIT_USAGE_END

11:13:54.0 (5719629)|CODE_UNIT_FINISHED|ProjectController.getSteps
11:13:54.0 (5829413)|CODE_UNIT_FINISHED|Aura
11:13:54.0 (6966006)|EXECUTION_FINISHED
