42.0 APEX_CODE,FINEST;APEX_PROFILING,INFO;CALLOUT,INFO;DB,INFO;SYSTEM,DEBUG;VALIDATION,INFO;VISUALFORCE,INFO;WAVE,INFO;WORKFLOW,INFO
11:14:33.0 (72765)|USER_INFO|[EXTERNAL]|005f4000001foBK|projectonboardingccl@altimetrik.com|Hora de Argentina|GMT-03:00
11:14:33.0 (113322)|EXECUTION_STARTED
11:14:33.0 (118205)|CODE_UNIT_STARTED|[EXTERNAL]|Aura
11:14:33.0 (1608351)|CODE_UNIT_STARTED|[EXTERNAL]|01pf400000BcAK5|ProjectController.getProjects
11:14:33.0 (1820785)|HEAP_ALLOCATE|[72]|Bytes:3
11:14:33.0 (1853409)|HEAP_ALLOCATE|[77]|Bytes:152
11:14:33.0 (1867521)|HEAP_ALLOCATE|[342]|Bytes:408
11:14:33.0 (1879955)|HEAP_ALLOCATE|[355]|Bytes:408
11:14:33.0 (1891208)|HEAP_ALLOCATE|[467]|Bytes:48
11:14:33.0 (1915916)|HEAP_ALLOCATE|[139]|Bytes:6
11:14:33.0 (1930908)|HEAP_ALLOCATE|[EXTERNAL]|Bytes:12
11:14:33.0 (1941229)|METHOD_ENTRY|[1]|01pf400000BcAK5|ProjectController.ProjectController()
11:14:33.0 (1948930)|STATEMENT_EXECUTE|[1]
11:14:33.0 (1954058)|STATEMENT_EXECUTE|[1]
11:14:33.0 (1981160)|HEAP_ALLOCATE|[50]|Bytes:5
11:14:33.0 (2003811)|HEAP_ALLOCATE|[56]|Bytes:5
11:14:33.0 (2012095)|HEAP_ALLOCATE|[64]|Bytes:7
11:14:33.0 (2034620)|SYSTEM_MODE_ENTER|false
11:14:33.0 (2046672)|HEAP_ALLOCATE|[EXTERNAL]|Bytes:5
11:14:33.0 (2054006)|SYSTEM_MODE_EXIT|false
11:14:33.0 (2062887)|METHOD_EXIT|[1]|ProjectController
11:14:33.0 (2074361)|SYSTEM_MODE_ENTER|false
11:14:33.0 (2088268)|HEAP_ALLOCATE|[6]|Bytes:5
11:14:33.0 (2092883)|STATEMENT_EXECUTE|[5]
11:14:33.0 (2094583)|STATEMENT_EXECUTE|[6]
11:14:33.0 (2097384)|HEAP_ALLOCATE|[6]|Bytes:226
11:14:33.0 (2114389)|HEAP_ALLOCATE|[6]|Bytes:4
11:14:33.0 (2657144)|SOQL_EXECUTE_BEGIN|[6]|Aggregations:1|SELECT Id, Name, Description__c, Status__c, (SELECT Id, Name, Title__c, User_story__c, Preconditions__c, Description__c FROM Test_Cases__r ORDER BY LastModifiedDate DESC NULLS FIRST) FROM Project__c WHERE Status__c = 'Ongoing'
11:14:33.0 (31142385)|SOQL_EXECUTE_END|[6]|Rows:2
11:14:33.0 (31185477)|HEAP_ALLOCATE|[6]|Bytes:12
11:14:33.0 (31208731)|HEAP_ALLOCATE|[6]|Bytes:915
11:14:33.0 (31252212)|HEAP_ALLOCATE|[6]|Bytes:12
11:14:33.0 (31276236)|SYSTEM_MODE_EXIT|false
11:14:33.31 (31303654)|CUMULATIVE_LIMIT_USAGE
11:14:33.31 (31303654)|LIMIT_USAGE_FOR_NS|(default)|
  Number of SOQL queries: 1 out of 100
  Number of query rows: 6 out of 50000
  Number of SOSL queries: 0 out of 20
  Number of DML statements: 0 out of 150
  Number of DML rows: 0 out of 10000
  Maximum CPU time: 0 out of 10000
  Maximum heap size: 0 out of 6000000
  Number of callouts: 0 out of 100
  Number of Email Invocations: 0 out of 10
  Number of future calls: 0 out of 50
  Number of queueable jobs added to the queue: 0 out of 50
  Number of Mobile Apex push calls: 0 out of 10

11:14:33.31 (31303654)|CUMULATIVE_LIMIT_USAGE_END

11:14:33.0 (31339960)|CODE_UNIT_FINISHED|ProjectController.getProjects
11:14:33.0 (31452039)|CODE_UNIT_FINISHED|Aura
11:14:33.0 (32719907)|EXECUTION_FINISHED
