42.0 APEX_CODE,FINEST;APEX_PROFILING,INFO;CALLOUT,INFO;DB,INFO;SYSTEM,DEBUG;VALIDATION,INFO;VISUALFORCE,INFO;WAVE,INFO;WORKFLOW,INFO
11:56:41.0 (392852)|USER_INFO|[EXTERNAL]|005f4000001foBK|projectonboardingccl@altimetrik.com|Hora de Argentina|GMT-03:00
11:56:41.0 (447214)|EXECUTION_STARTED
11:56:41.0 (453484)|CODE_UNIT_STARTED|[EXTERNAL]|Aura
11:56:41.0 (1753593)|HEAP_ALLOCATE|[72]|Bytes:3
11:56:41.0 (1791672)|HEAP_ALLOCATE|[77]|Bytes:152
11:56:41.0 (1806601)|HEAP_ALLOCATE|[342]|Bytes:408
11:56:41.0 (1819900)|HEAP_ALLOCATE|[355]|Bytes:408
11:56:41.0 (1830416)|HEAP_ALLOCATE|[467]|Bytes:48
11:56:41.0 (1855162)|HEAP_ALLOCATE|[139]|Bytes:6
11:56:41.0 (1876665)|HEAP_ALLOCATE|[EXTERNAL]|Bytes:18
11:56:41.0 (1886535)|HEAP_ALLOCATE|[EXTERNAL]|Bytes:18
11:56:41.0 (2686555)|CODE_UNIT_STARTED|[EXTERNAL]|01pf400000BcAK5|ProjectController.getSteps
11:56:41.0 (2808429)|HEAP_ALLOCATE|[EXTERNAL]|Bytes:15
11:56:41.0 (2816224)|HEAP_ALLOCATE|[EXTERNAL]|Bytes:2
11:56:41.0 (2826025)|METHOD_ENTRY|[1]|01pf400000BcAK5|ProjectController.ProjectController()
11:56:41.0 (2832900)|STATEMENT_EXECUTE|[1]
11:56:41.0 (2837972)|STATEMENT_EXECUTE|[1]
11:56:41.0 (2869483)|HEAP_ALLOCATE|[50]|Bytes:5
11:56:41.0 (2891307)|HEAP_ALLOCATE|[56]|Bytes:5
11:56:41.0 (2899846)|HEAP_ALLOCATE|[64]|Bytes:7
11:56:41.0 (2922049)|SYSTEM_MODE_ENTER|false
11:56:41.0 (2933720)|HEAP_ALLOCATE|[EXTERNAL]|Bytes:5
11:56:41.0 (2941196)|SYSTEM_MODE_EXIT|false
11:56:41.0 (2948802)|METHOD_EXIT|[1]|ProjectController
11:56:41.0 (2954554)|HEAP_ALLOCATE|[EXTERNAL]|Bytes:18
11:56:41.0 (2966111)|SYSTEM_MODE_ENTER|false
11:56:41.0 (2976055)|VARIABLE_SCOPE_BEGIN|[20]|recordId|String|false|false
11:56:41.0 (3002165)|VARIABLE_ASSIGNMENT|[20]|recordId|"a01f400000DKjhHAAT"
11:56:41.0 (3016696)|HEAP_ALLOCATE|[21]|Bytes:5
11:56:41.0 (3021237)|STATEMENT_EXECUTE|[20]
11:56:41.0 (3023090)|STATEMENT_EXECUTE|[21]
11:56:41.0 (3026394)|HEAP_ALLOCATE|[21]|Bytes:106
11:56:41.0 (3041234)|HEAP_ALLOCATE|[21]|Bytes:4
11:56:41.0 (3052914)|HEAP_ALLOCATE|[21]|Bytes:7
11:56:41.0 (3568278)|SOQL_EXECUTE_BEGIN|[21]|Aggregations:0|SELECT Id, Name, Description__c, Expected_result__c FROM Testcase_Step__c WHERE Test_Case__r.Id = :tmpVar1
11:56:41.0 (6737885)|SOQL_EXECUTE_END|[21]|Rows:8
11:56:41.0 (6760449)|HEAP_ALLOCATE|[21]|Bytes:36
11:56:41.0 (6788878)|HEAP_ALLOCATE|[21]|Bytes:1051
11:56:41.0 (6823399)|HEAP_ALLOCATE|[21]|Bytes:36
11:56:41.0 (6836996)|VARIABLE_SCOPE_BEGIN|[21]|nueva|List<Testcase_Step__c>|true|false
11:56:41.0 (6862571)|VARIABLE_ASSIGNMENT|[21]|nueva|"List of size 8 too large to display"|0x14c6f6c8
11:56:41.0 (6869947)|STATEMENT_EXECUTE|[23]
11:56:41.0 (6888495)|METHOD_ENTRY|[23]|01pf400000BcAK5|ProjectController.Reorder(List<Testcase_Step__c>, String)
11:56:41.0 (6909176)|VARIABLE_SCOPE_BEGIN|[28]|listitem|List<Testcase_Step__c>|true|false
11:56:41.0 (6921099)|VARIABLE_ASSIGNMENT|[28]|listitem|"List of size 8 too large to display"|0x14c6f6c8
11:56:41.0 (6927083)|VARIABLE_SCOPE_BEGIN|[28]|recordId|String|false|false
11:56:41.0 (6936175)|VARIABLE_ASSIGNMENT|[28]|recordId|"a01f400000DKjhHAAT"
11:56:41.0 (6953429)|HEAP_ALLOCATE|[29]|Bytes:5
11:56:41.0 (6958878)|STATEMENT_EXECUTE|[28]
11:56:41.0 (6960894)|STATEMENT_EXECUTE|[29]
11:56:41.0 (6974364)|HEAP_ALLOCATE|[29]|Bytes:4
11:56:41.0 (7016678)|VARIABLE_SCOPE_BEGIN|[29]|nueva|List<Testcase_Step__c>|true|false
11:56:41.0 (7027273)|HEAP_ALLOCATE|[EXTERNAL]|Bytes:4
11:56:41.0 (7035463)|VARIABLE_ASSIGNMENT|[29]|nueva|[]|0x666659ba
11:56:41.0 (7041990)|STATEMENT_EXECUTE|[30]
11:56:41.0 (7064227)|VARIABLE_SCOPE_BEGIN|[30]|i|Integer|false|false
11:56:41.0 (7072131)|HEAP_ALLOCATE|[30]|Bytes:4
11:56:41.0 (7080423)|VARIABLE_ASSIGNMENT|[30]|i|8
11:56:41.0 (7086733)|STATEMENT_EXECUTE|[30]
11:56:41.0 (7088367)|STATEMENT_EXECUTE|[31]
11:56:41.0 (7097060)|HEAP_ALLOCATE|[31]|Bytes:24
11:56:41.0 (7122723)|HEAP_ALLOCATE|[EXTERNAL]|Bytes:4
11:56:41.0 (7131463)|STATEMENT_EXECUTE|[32]
11:56:41.0 (7137003)|HEAP_ALLOCATE|[32]|Bytes:24
11:56:41.0 (7210928)|USER_DEBUG|[32]|DEBUG|Testcase_Step__c:{Id=a02f4000007WXyBAAW, Name=TS-000000012, Description__c=lkjhfdsfghjk, Expected_result__c=sdfghjkl;', Test_Case__c=a01f400000DKjhHAAT}
11:56:41.0 (7223873)|HEAP_ALLOCATE|[30]|Bytes:4
11:56:41.0 (7231355)|VARIABLE_ASSIGNMENT|[30]|i|7
11:56:41.0 (7237727)|STATEMENT_EXECUTE|[30]
11:56:41.0 (7239291)|STATEMENT_EXECUTE|[31]
11:56:41.0 (7244604)|HEAP_ALLOCATE|[31]|Bytes:24
11:56:41.0 (7252722)|HEAP_ALLOCATE|[EXTERNAL]|Bytes:4
11:56:41.0 (7258112)|STATEMENT_EXECUTE|[32]
11:56:41.0 (7261025)|HEAP_ALLOCATE|[32]|Bytes:24
11:56:41.0 (7290021)|USER_DEBUG|[32]|DEBUG|Testcase_Step__c:{Id=a02f4000007W7FNAA0, Name=TS-000000010, Description__c=nuevo step, Expected_result__c=nuevisomos, Test_Case__c=a01f400000DKjhHAAT}
11:56:41.0 (7299727)|HEAP_ALLOCATE|[30]|Bytes:4
11:56:41.0 (7305984)|VARIABLE_ASSIGNMENT|[30]|i|6
11:56:41.0 (7311082)|STATEMENT_EXECUTE|[30]
11:56:41.0 (7312602)|STATEMENT_EXECUTE|[31]
11:56:41.0 (7316749)|HEAP_ALLOCATE|[31]|Bytes:24
11:56:41.0 (7323578)|HEAP_ALLOCATE|[EXTERNAL]|Bytes:4
11:56:41.0 (7328796)|STATEMENT_EXECUTE|[32]
11:56:41.0 (7331548)|HEAP_ALLOCATE|[32]|Bytes:24
11:56:41.0 (7357230)|USER_DEBUG|[32]|DEBUG|Testcase_Step__c:{Id=a02f4000007VzuYAAS, Name=TS-000000009, Description__c=adadad, Expected_result__c=adadadadad, Test_Case__c=a01f400000DKjhHAAT}
11:56:41.0 (7367532)|HEAP_ALLOCATE|[30]|Bytes:4
11:56:41.0 (7373850)|VARIABLE_ASSIGNMENT|[30]|i|5
11:56:41.0 (7378562)|STATEMENT_EXECUTE|[30]
11:56:41.0 (7380001)|STATEMENT_EXECUTE|[31]
11:56:41.0 (7384165)|HEAP_ALLOCATE|[31]|Bytes:24
11:56:41.0 (7390921)|HEAP_ALLOCATE|[EXTERNAL]|Bytes:4
11:56:41.0 (7396117)|STATEMENT_EXECUTE|[32]
11:56:41.0 (7399010)|HEAP_ALLOCATE|[32]|Bytes:24
11:56:41.0 (7423220)|USER_DEBUG|[32]|DEBUG|Testcase_Step__c:{Id=a02f4000007VzuMAAS, Name=TS-000000008, Description__c=adadad, Expected_result__c=adadadadad, Test_Case__c=a01f400000DKjhHAAT}
11:56:41.0 (7431649)|HEAP_ALLOCATE|[30]|Bytes:4
11:56:41.0 (7437565)|VARIABLE_ASSIGNMENT|[30]|i|4
11:56:41.0 (7443984)|STATEMENT_EXECUTE|[30]
11:56:41.0 (7446137)|STATEMENT_EXECUTE|[31]
11:56:41.0 (7452337)|HEAP_ALLOCATE|[31]|Bytes:24
11:56:41.0 (7463679)|HEAP_ALLOCATE|[EXTERNAL]|Bytes:4
11:56:41.0 (7471718)|STATEMENT_EXECUTE|[32]
11:56:41.0 (7480852)|HEAP_ALLOCATE|[32]|Bytes:24
11:56:41.0 (7515696)|USER_DEBUG|[32]|DEBUG|Testcase_Step__c:{Id=a02f4000007VzuLAAS, Name=TS-000000007, Description__c=adad, Expected_result__c=adadad, Test_Case__c=a01f400000DKjhHAAT}
11:56:41.0 (7525715)|HEAP_ALLOCATE|[30]|Bytes:4
11:56:41.0 (7532602)|VARIABLE_ASSIGNMENT|[30]|i|3
11:56:41.0 (7536869)|STATEMENT_EXECUTE|[30]
11:56:41.0 (7538695)|STATEMENT_EXECUTE|[31]
11:56:41.0 (7544420)|HEAP_ALLOCATE|[31]|Bytes:24
11:56:41.0 (7555210)|HEAP_ALLOCATE|[EXTERNAL]|Bytes:4
11:56:41.0 (7562881)|STATEMENT_EXECUTE|[32]
11:56:41.0 (7568313)|HEAP_ALLOCATE|[32]|Bytes:24
11:56:41.0 (7611671)|USER_DEBUG|[32]|DEBUG|Testcase_Step__c:{Id=a02f4000007VzuKAAS, Name=TS-000000006, Description__c=adad, Expected_result__c=adadad, Test_Case__c=a01f400000DKjhHAAT}
11:56:41.0 (7622608)|HEAP_ALLOCATE|[30]|Bytes:4
11:56:41.0 (7629340)|VARIABLE_ASSIGNMENT|[30]|i|2
11:56:41.0 (7634492)|STATEMENT_EXECUTE|[30]
11:56:41.0 (7636240)|STATEMENT_EXECUTE|[31]
11:56:41.0 (7640386)|HEAP_ALLOCATE|[31]|Bytes:24
11:56:41.0 (7647436)|HEAP_ALLOCATE|[EXTERNAL]|Bytes:4
11:56:41.0 (7652570)|STATEMENT_EXECUTE|[32]
11:56:41.0 (7656734)|HEAP_ALLOCATE|[32]|Bytes:24
11:56:41.0 (7683602)|USER_DEBUG|[32]|DEBUG|Testcase_Step__c:{Id=a02f4000007VzuFAAS, Name=TS-000000005, Description__c=dssadad, Expected_result__c=adadad, Test_Case__c=a01f400000DKjhHAAT}
11:56:41.0 (7693217)|HEAP_ALLOCATE|[30]|Bytes:4
11:56:41.0 (7698969)|VARIABLE_ASSIGNMENT|[30]|i|1
11:56:41.0 (7704312)|STATEMENT_EXECUTE|[30]
11:56:41.0 (7705854)|STATEMENT_EXECUTE|[31]
11:56:41.0 (7710019)|HEAP_ALLOCATE|[31]|Bytes:16
11:56:41.0 (7716893)|HEAP_ALLOCATE|[EXTERNAL]|Bytes:4
11:56:41.0 (7722188)|STATEMENT_EXECUTE|[32]
11:56:41.0 (7724978)|HEAP_ALLOCATE|[32]|Bytes:16
11:56:41.0 (7746496)|USER_DEBUG|[32]|DEBUG|Testcase_Step__c:{Id=a02f4000007VnIVAA0, Name=TS-000000004, Test_Case__c=a01f400000DKjhHAAT}
11:56:41.0 (7756708)|HEAP_ALLOCATE|[30]|Bytes:4
11:56:41.0 (7762269)|VARIABLE_ASSIGNMENT|[30]|i|0
11:56:41.0 (7767719)|STATEMENT_EXECUTE|[34]
11:56:41.0 (7775470)|METHOD_EXIT|[23]|01pf400000BcAK5|ProjectController.Reorder(List<Testcase_Step__c>, String)
11:56:41.0 (7785872)|SYSTEM_MODE_EXIT|false
11:56:41.7 (7809386)|CUMULATIVE_LIMIT_USAGE
11:56:41.7 (7809386)|LIMIT_USAGE_FOR_NS|(default)|
  Number of SOQL queries: 1 out of 100
  Number of query rows: 8 out of 50000
  Number of SOSL queries: 0 out of 20
  Number of DML statements: 0 out of 150
  Number of DML rows: 0 out of 10000
  Maximum CPU time: 0 out of 10000
  Maximum heap size: 0 out of 6000000
  Number of callouts: 0 out of 100
  Number of Email Invocations: 0 out of 10
  Number of future calls: 0 out of 50
  Number of queueable jobs added to the queue: 0 out of 50
  Number of Mobile Apex push calls: 0 out of 10

11:56:41.7 (7809386)|CUMULATIVE_LIMIT_USAGE_END

11:56:41.0 (7845345)|CODE_UNIT_FINISHED|ProjectController.getSteps
11:56:41.0 (7947184)|CODE_UNIT_FINISHED|Aura
11:56:41.0 (9103149)|EXECUTION_FINISHED
